<?xml version="1.0" encoding="UTF-8"?>
<testsuites name="Test" time="117.526" tests="20" failures="0" errors="0">
   <testsuite name="Test" tests="20" failures="0" errors="0" time="117.526" skipped="0" timestamp="14-08-2024T15:16:54" hostname="blhdang - blhdang.tma.com.vn" id="Test Suites/Test">
      <properties>
         <property name="deviceName" value=""/>
         <property name="devicePlatform"/>
         <property name="logFolder" value="C:\\Users\\blhdang\\Katalon Studio\\Robot2\\Reports\\20240814_151644\\Test\\20240814_151645"/>
         <property name="logFiles" value="C:\\Users\\blhdang\\Katalon Studio\\Robot2\\Reports\\20240814_151644\\Test\\20240814_151645\\execution0.log"/>
         <property name="attachments" value=""/>
         <property name="hostName" value="blhdang - blhdang.tma.com.vn"/>
         <property name="os" value="Windows 10 64bit"/>
         <property name="katalonVersion" value="9.5.0.217"/>
         <property name="browser" value="Chrome 127.0.0.0"/>
         <property name="hostAddress" value="192.168.228.45"/>
         <property name="sessionId" value="af0e7fc2d89387b49da1b994adeafe95"/>
         <property name="seleniumVersion" value="3.141.59"/>
         <property name="proxyInformation" value="ProxyInformation { proxyOption=NO_PROXY, proxyServerType=HTTP, username=, password=********, proxyServerAddress=, proxyServerPort=0, executionList=&quot;&quot;, isApplyToDesiredCapabilities=true }"/>
         <property name="platform" value="Windows 10"/>
      </properties>
      <testcase name="Test Cases/New" time="7.401" classname="Test Cases/New" status="PASSED">
         <system-out><![CDATA[14-08-2024T15:16:54 - [TEST_CASE][PASSED] - Test Cases/New: Test Cases/New

14-08-2024T15:16:55 - [TEST_STEP][PASSED] - data = findTestData("Data Files/TestData"): null

14-08-2024T15:16:55 - [TEST_STEP][PASSED] - rowCount = data.getRowNumbers(): null

14-08-2024T15:16:55 - [TEST_STEP][PASSED] - random = new java.util.Random(): null

14-08-2024T15:16:55 - [TEST_STEP][PASSED] - randomRowIndex = random.nextInt(rowCount) + 1: null

14-08-2024T15:16:55 - [TEST_STEP][PASSED] - randomHeadValue = data.getValue("Head", randomRowIndex): null

14-08-2024T15:16:55 - [TEST_STEP][PASSED] - println(Randomly selected Head value: $randomHeadValue): null

14-08-2024T15:16:55 - [TEST_STEP][PASSED] - openBrowser(""): Browser is opened with url: ''

14-08-2024T15:16:55 - [MESSAGE][INFO] - Starting 'Chrome' driver

14-08-2024T15:16:55 - [MESSAGE][INFO] - Action delay is set to 0 milliseconds

14-08-2024T15:16:57 - [MESSAGE][PASSED] - Browser is opened with url: ''

14-08-2024T15:16:57 - [TEST_STEP][PASSED] - navigateToUrl("https://robotsparebinindustries.com/#/robot-order"): Navigate to 'https://robotsparebinindustries.com/#/robot-order' successfully

14-08-2024T15:17:00 - [MESSAGE][PASSED] - Navigate to 'https://robotsparebinindustries.com/#/robot-order' successfully

14-08-2024T15:17:00 - [TEST_STEP][PASSED] - maximizeWindow(): Current window maximized

14-08-2024T15:17:00 - [MESSAGE][PASSED] - Current window maximized

14-08-2024T15:17:00 - [TEST_STEP][PASSED] - waitForElementVisible(findTestObject("Object Repository/Page_RobotSpareBin Industries Inc. - Intranet/Modal"), 30): Object 'Object Repository/Page_RobotSpareBin Industries Inc. - Intranet/Modal' is visible

14-08-2024T15:17:01 - [MESSAGE][PASSED] - Object 'Object Repository/Page_RobotSpareBin Industries Inc. - Intranet/Modal' is visible

14-08-2024T15:17:01 - [TEST_STEP][PASSED] - click(findTestObject("Object Repository/Page_RobotSpareBin Industries Inc. - Intranet/button_OK")): Object: 'Object Repository/Page_RobotSpareBin Industries Inc. - Intranet/button_OK' is clicked on

14-08-2024T15:17:01 - [MESSAGE][PASSED] - Object: 'Object Repository/Page_RobotSpareBin Industries Inc. - Intranet/button_OK' is clicked on

14-08-2024T15:17:01 - [TEST_STEP][PASSED] - selectOptionByValue(findTestObject("Page_RobotSpareBin Industries Inc. - Intranet/select"), randomHeadValue, false): All options with value '1' are selected in object 'Object Repository/Page_RobotSpareBin Industries Inc. - Intranet/select' 

14-08-2024T15:17:02 - [MESSAGE][PASSED] - All options with value '1' are selected in object 'Object Repository/Page_RobotSpareBin Industries Inc. - Intranet/select']]></system-out>
         <system-err><![CDATA[]]></system-err>
      </testcase>
      <testcase name="Test Cases/New" time="5.329" classname="Test Cases/New" status="PASSED">
         <system-out><![CDATA[14-08-2024T15:17:02 - [TEST_CASE][PASSED] - Test Cases/New: Test Cases/New

14-08-2024T15:17:02 - [TEST_STEP][PASSED] - data = findTestData("Data Files/TestData"): null

14-08-2024T15:17:02 - [TEST_STEP][PASSED] - rowCount = data.getRowNumbers(): null

14-08-2024T15:17:02 - [TEST_STEP][PASSED] - random = new java.util.Random(): null

14-08-2024T15:17:02 - [TEST_STEP][PASSED] - randomRowIndex = random.nextInt(rowCount) + 1: null

14-08-2024T15:17:02 - [TEST_STEP][PASSED] - randomHeadValue = data.getValue("Head", randomRowIndex): null

14-08-2024T15:17:02 - [TEST_STEP][PASSED] - println(Randomly selected Head value: $randomHeadValue): null

14-08-2024T15:17:02 - [TEST_STEP][PASSED] - openBrowser(""): Browser is opened with url: ''

14-08-2024T15:17:02 - [MESSAGE][WARNING] - A browser is already opened. Closing browser and opening a new one

14-08-2024T15:17:02 - [MESSAGE][INFO] - Starting 'Chrome' driver

14-08-2024T15:17:02 - [MESSAGE][INFO] - Action delay is set to 0 milliseconds

14-08-2024T15:17:03 - [MESSAGE][PASSED] - Browser is opened with url: ''

14-08-2024T15:17:03 - [TEST_STEP][PASSED] - navigateToUrl("https://robotsparebinindustries.com/#/robot-order"): Navigate to 'https://robotsparebinindustries.com/#/robot-order' successfully

14-08-2024T15:17:06 - [MESSAGE][PASSED] - Navigate to 'https://robotsparebinindustries.com/#/robot-order' successfully

14-08-2024T15:17:06 - [TEST_STEP][PASSED] - maximizeWindow(): Current window maximized

14-08-2024T15:17:06 - [MESSAGE][PASSED] - Current window maximized

14-08-2024T15:17:06 - [TEST_STEP][PASSED] - waitForElementVisible(findTestObject("Object Repository/Page_RobotSpareBin Industries Inc. - Intranet/Modal"), 30): Object 'Object Repository/Page_RobotSpareBin Industries Inc. - Intranet/Modal' is visible

14-08-2024T15:17:06 - [MESSAGE][PASSED] - Object 'Object Repository/Page_RobotSpareBin Industries Inc. - Intranet/Modal' is visible

14-08-2024T15:17:06 - [TEST_STEP][PASSED] - click(findTestObject("Object Repository/Page_RobotSpareBin Industries Inc. - Intranet/button_OK")): Object: 'Object Repository/Page_RobotSpareBin Industries Inc. - Intranet/button_OK' is clicked on

14-08-2024T15:17:07 - [MESSAGE][PASSED] - Object: 'Object Repository/Page_RobotSpareBin Industries Inc. - Intranet/button_OK' is clicked on

14-08-2024T15:17:07 - [TEST_STEP][PASSED] - selectOptionByValue(findTestObject("Page_RobotSpareBin Industries Inc. - Intranet/select"), randomHeadValue, false): All options with value '6' are selected in object 'Object Repository/Page_RobotSpareBin Industries Inc. - Intranet/select' 

14-08-2024T15:17:07 - [MESSAGE][PASSED] - All options with value '6' are selected in object 'Object Repository/Page_RobotSpareBin Industries Inc. - Intranet/select']]></system-out>
         <system-err><![CDATA[]]></system-err>
      </testcase>
      <testcase name="Test Cases/New" time="6.005" classname="Test Cases/New" status="PASSED">
         <system-out><![CDATA[14-08-2024T15:17:07 - [TEST_CASE][PASSED] - Test Cases/New: Test Cases/New

14-08-2024T15:17:07 - [TEST_STEP][PASSED] - data = findTestData("Data Files/TestData"): null

14-08-2024T15:17:07 - [TEST_STEP][PASSED] - rowCount = data.getRowNumbers(): null

14-08-2024T15:17:07 - [TEST_STEP][PASSED] - random = new java.util.Random(): null

14-08-2024T15:17:07 - [TEST_STEP][PASSED] - randomRowIndex = random.nextInt(rowCount) + 1: null

14-08-2024T15:17:07 - [TEST_STEP][PASSED] - randomHeadValue = data.getValue("Head", randomRowIndex): null

14-08-2024T15:17:07 - [TEST_STEP][PASSED] - println(Randomly selected Head value: $randomHeadValue): null

14-08-2024T15:17:07 - [TEST_STEP][PASSED] - openBrowser(""): Browser is opened with url: ''

14-08-2024T15:17:07 - [MESSAGE][WARNING] - A browser is already opened. Closing browser and opening a new one

14-08-2024T15:17:08 - [MESSAGE][INFO] - Starting 'Chrome' driver

14-08-2024T15:17:08 - [MESSAGE][INFO] - Action delay is set to 0 milliseconds

14-08-2024T15:17:09 - [MESSAGE][PASSED] - Browser is opened with url: ''

14-08-2024T15:17:09 - [TEST_STEP][PASSED] - navigateToUrl("https://robotsparebinindustries.com/#/robot-order"): Navigate to 'https://robotsparebinindustries.com/#/robot-order' successfully

14-08-2024T15:17:12 - [MESSAGE][PASSED] - Navigate to 'https://robotsparebinindustries.com/#/robot-order' successfully

14-08-2024T15:17:12 - [TEST_STEP][PASSED] - maximizeWindow(): Current window maximized

14-08-2024T15:17:12 - [MESSAGE][PASSED] - Current window maximized

14-08-2024T15:17:12 - [TEST_STEP][PASSED] - waitForElementVisible(findTestObject("Object Repository/Page_RobotSpareBin Industries Inc. - Intranet/Modal"), 30): Object 'Object Repository/Page_RobotSpareBin Industries Inc. - Intranet/Modal' is visible

14-08-2024T15:17:12 - [MESSAGE][PASSED] - Object 'Object Repository/Page_RobotSpareBin Industries Inc. - Intranet/Modal' is visible

14-08-2024T15:17:12 - [TEST_STEP][PASSED] - click(findTestObject("Object Repository/Page_RobotSpareBin Industries Inc. - Intranet/button_OK")): Object: 'Object Repository/Page_RobotSpareBin Industries Inc. - Intranet/button_OK' is clicked on

14-08-2024T15:17:13 - [MESSAGE][PASSED] - Object: 'Object Repository/Page_RobotSpareBin Industries Inc. - Intranet/button_OK' is clicked on

14-08-2024T15:17:13 - [TEST_STEP][PASSED] - selectOptionByValue(findTestObject("Page_RobotSpareBin Industries Inc. - Intranet/select"), randomHeadValue, false): All options with value '1' are selected in object 'Object Repository/Page_RobotSpareBin Industries Inc. - Intranet/select' 

14-08-2024T15:17:13 - [MESSAGE][PASSED] - All options with value '1' are selected in object 'Object Repository/Page_RobotSpareBin Industries Inc. - Intranet/select']]></system-out>
         <system-err><![CDATA[]]></system-err>
      </testcase>
      <testcase name="Test Cases/New" time="6.055" classname="Test Cases/New" status="PASSED">
         <system-out><![CDATA[14-08-2024T15:17:13 - [TEST_CASE][PASSED] - Test Cases/New: Test Cases/New

14-08-2024T15:17:13 - [TEST_STEP][PASSED] - data = findTestData("Data Files/TestData"): null

14-08-2024T15:17:13 - [TEST_STEP][PASSED] - rowCount = data.getRowNumbers(): null

14-08-2024T15:17:13 - [TEST_STEP][PASSED] - random = new java.util.Random(): null

14-08-2024T15:17:13 - [TEST_STEP][PASSED] - randomRowIndex = random.nextInt(rowCount) + 1: null

14-08-2024T15:17:13 - [TEST_STEP][PASSED] - randomHeadValue = data.getValue("Head", randomRowIndex): null

14-08-2024T15:17:13 - [TEST_STEP][PASSED] - println(Randomly selected Head value: $randomHeadValue): null

14-08-2024T15:17:13 - [TEST_STEP][PASSED] - openBrowser(""): Browser is opened with url: ''

14-08-2024T15:17:13 - [MESSAGE][WARNING] - A browser is already opened. Closing browser and opening a new one

14-08-2024T15:17:14 - [MESSAGE][INFO] - Starting 'Chrome' driver

14-08-2024T15:17:14 - [MESSAGE][INFO] - Action delay is set to 0 milliseconds

14-08-2024T15:17:15 - [MESSAGE][PASSED] - Browser is opened with url: ''

14-08-2024T15:17:15 - [TEST_STEP][PASSED] - navigateToUrl("https://robotsparebinindustries.com/#/robot-order"): Navigate to 'https://robotsparebinindustries.com/#/robot-order' successfully

14-08-2024T15:17:18 - [MESSAGE][PASSED] - Navigate to 'https://robotsparebinindustries.com/#/robot-order' successfully

14-08-2024T15:17:18 - [TEST_STEP][PASSED] - maximizeWindow(): Current window maximized

14-08-2024T15:17:18 - [MESSAGE][PASSED] - Current window maximized

14-08-2024T15:17:18 - [TEST_STEP][PASSED] - waitForElementVisible(findTestObject("Object Repository/Page_RobotSpareBin Industries Inc. - Intranet/Modal"), 30): Object 'Object Repository/Page_RobotSpareBin Industries Inc. - Intranet/Modal' is visible

14-08-2024T15:17:18 - [MESSAGE][PASSED] - Object 'Object Repository/Page_RobotSpareBin Industries Inc. - Intranet/Modal' is visible

14-08-2024T15:17:18 - [TEST_STEP][PASSED] - click(findTestObject("Object Repository/Page_RobotSpareBin Industries Inc. - Intranet/button_OK")): Object: 'Object Repository/Page_RobotSpareBin Industries Inc. - Intranet/button_OK' is clicked on

14-08-2024T15:17:19 - [MESSAGE][PASSED] - Object: 'Object Repository/Page_RobotSpareBin Industries Inc. - Intranet/button_OK' is clicked on

14-08-2024T15:17:19 - [TEST_STEP][PASSED] - selectOptionByValue(findTestObject("Page_RobotSpareBin Industries Inc. - Intranet/select"), randomHeadValue, false): All options with value '2' are selected in object 'Object Repository/Page_RobotSpareBin Industries Inc. - Intranet/select' 

14-08-2024T15:17:19 - [MESSAGE][PASSED] - All options with value '2' are selected in object 'Object Repository/Page_RobotSpareBin Industries Inc. - Intranet/select']]></system-out>
         <system-err><![CDATA[]]></system-err>
      </testcase>
      <testcase name="Test Cases/New" time="5.776" classname="Test Cases/New" status="PASSED">
         <system-out><![CDATA[14-08-2024T15:17:19 - [TEST_CASE][PASSED] - Test Cases/New: Test Cases/New

14-08-2024T15:17:19 - [TEST_STEP][PASSED] - data = findTestData("Data Files/TestData"): null

14-08-2024T15:17:19 - [TEST_STEP][PASSED] - rowCount = data.getRowNumbers(): null

14-08-2024T15:17:19 - [TEST_STEP][PASSED] - random = new java.util.Random(): null

14-08-2024T15:17:19 - [TEST_STEP][PASSED] - randomRowIndex = random.nextInt(rowCount) + 1: null

14-08-2024T15:17:19 - [TEST_STEP][PASSED] - randomHeadValue = data.getValue("Head", randomRowIndex): null

14-08-2024T15:17:19 - [TEST_STEP][PASSED] - println(Randomly selected Head value: $randomHeadValue): null

14-08-2024T15:17:19 - [TEST_STEP][PASSED] - openBrowser(""): Browser is opened with url: ''

14-08-2024T15:17:19 - [MESSAGE][WARNING] - A browser is already opened. Closing browser and opening a new one

14-08-2024T15:17:20 - [MESSAGE][INFO] - Starting 'Chrome' driver

14-08-2024T15:17:20 - [MESSAGE][INFO] - Action delay is set to 0 milliseconds

14-08-2024T15:17:21 - [MESSAGE][PASSED] - Browser is opened with url: ''

14-08-2024T15:17:21 - [TEST_STEP][PASSED] - navigateToUrl("https://robotsparebinindustries.com/#/robot-order"): Navigate to 'https://robotsparebinindustries.com/#/robot-order' successfully

14-08-2024T15:17:24 - [MESSAGE][PASSED] - Navigate to 'https://robotsparebinindustries.com/#/robot-order' successfully

14-08-2024T15:17:24 - [TEST_STEP][PASSED] - maximizeWindow(): Current window maximized

14-08-2024T15:17:24 - [MESSAGE][PASSED] - Current window maximized

14-08-2024T15:17:24 - [TEST_STEP][PASSED] - waitForElementVisible(findTestObject("Object Repository/Page_RobotSpareBin Industries Inc. - Intranet/Modal"), 30): Object 'Object Repository/Page_RobotSpareBin Industries Inc. - Intranet/Modal' is visible

14-08-2024T15:17:24 - [MESSAGE][PASSED] - Object 'Object Repository/Page_RobotSpareBin Industries Inc. - Intranet/Modal' is visible

14-08-2024T15:17:24 - [TEST_STEP][PASSED] - click(findTestObject("Object Repository/Page_RobotSpareBin Industries Inc. - Intranet/button_OK")): Object: 'Object Repository/Page_RobotSpareBin Industries Inc. - Intranet/button_OK' is clicked on

14-08-2024T15:17:25 - [MESSAGE][PASSED] - Object: 'Object Repository/Page_RobotSpareBin Industries Inc. - Intranet/button_OK' is clicked on

14-08-2024T15:17:25 - [TEST_STEP][PASSED] - selectOptionByValue(findTestObject("Page_RobotSpareBin Industries Inc. - Intranet/select"), randomHeadValue, false): All options with value '4' are selected in object 'Object Repository/Page_RobotSpareBin Industries Inc. - Intranet/select' 

14-08-2024T15:17:25 - [MESSAGE][PASSED] - All options with value '4' are selected in object 'Object Repository/Page_RobotSpareBin Industries Inc. - Intranet/select']]></system-out>
         <system-err><![CDATA[]]></system-err>
      </testcase>
      <testcase name="Test Cases/New" time="5.65" classname="Test Cases/New" status="PASSED">
         <system-out><![CDATA[14-08-2024T15:17:25 - [TEST_CASE][PASSED] - Test Cases/New: Test Cases/New

14-08-2024T15:17:25 - [TEST_STEP][PASSED] - data = findTestData("Data Files/TestData"): null

14-08-2024T15:17:25 - [TEST_STEP][PASSED] - rowCount = data.getRowNumbers(): null

14-08-2024T15:17:25 - [TEST_STEP][PASSED] - random = new java.util.Random(): null

14-08-2024T15:17:25 - [TEST_STEP][PASSED] - randomRowIndex = random.nextInt(rowCount) + 1: null

14-08-2024T15:17:25 - [TEST_STEP][PASSED] - randomHeadValue = data.getValue("Head", randomRowIndex): null

14-08-2024T15:17:25 - [TEST_STEP][PASSED] - println(Randomly selected Head value: $randomHeadValue): null

14-08-2024T15:17:25 - [TEST_STEP][PASSED] - openBrowser(""): Browser is opened with url: ''

14-08-2024T15:17:25 - [MESSAGE][WARNING] - A browser is already opened. Closing browser and opening a new one

14-08-2024T15:17:25 - [MESSAGE][INFO] - Starting 'Chrome' driver

14-08-2024T15:17:25 - [MESSAGE][INFO] - Action delay is set to 0 milliseconds

14-08-2024T15:17:27 - [MESSAGE][PASSED] - Browser is opened with url: ''

14-08-2024T15:17:27 - [TEST_STEP][PASSED] - navigateToUrl("https://robotsparebinindustries.com/#/robot-order"): Navigate to 'https://robotsparebinindustries.com/#/robot-order' successfully

14-08-2024T15:17:29 - [MESSAGE][PASSED] - Navigate to 'https://robotsparebinindustries.com/#/robot-order' successfully

14-08-2024T15:17:29 - [TEST_STEP][PASSED] - maximizeWindow(): Current window maximized

14-08-2024T15:17:30 - [MESSAGE][PASSED] - Current window maximized

14-08-2024T15:17:30 - [TEST_STEP][PASSED] - waitForElementVisible(findTestObject("Object Repository/Page_RobotSpareBin Industries Inc. - Intranet/Modal"), 30): Object 'Object Repository/Page_RobotSpareBin Industries Inc. - Intranet/Modal' is visible

14-08-2024T15:17:30 - [MESSAGE][PASSED] - Object 'Object Repository/Page_RobotSpareBin Industries Inc. - Intranet/Modal' is visible

14-08-2024T15:17:30 - [TEST_STEP][PASSED] - click(findTestObject("Object Repository/Page_RobotSpareBin Industries Inc. - Intranet/button_OK")): Object: 'Object Repository/Page_RobotSpareBin Industries Inc. - Intranet/button_OK' is clicked on

14-08-2024T15:17:30 - [MESSAGE][PASSED] - Object: 'Object Repository/Page_RobotSpareBin Industries Inc. - Intranet/button_OK' is clicked on

14-08-2024T15:17:30 - [TEST_STEP][PASSED] - selectOptionByValue(findTestObject("Page_RobotSpareBin Industries Inc. - Intranet/select"), randomHeadValue, false): All options with value '1' are selected in object 'Object Repository/Page_RobotSpareBin Industries Inc. - Intranet/select' 

14-08-2024T15:17:31 - [MESSAGE][PASSED] - All options with value '1' are selected in object 'Object Repository/Page_RobotSpareBin Industries Inc. - Intranet/select']]></system-out>
         <system-err><![CDATA[]]></system-err>
      </testcase>
      <testcase name="Test Cases/New" time="5.63" classname="Test Cases/New" status="PASSED">
         <system-out><![CDATA[14-08-2024T15:17:31 - [TEST_CASE][PASSED] - Test Cases/New: Test Cases/New

14-08-2024T15:17:31 - [TEST_STEP][PASSED] - data = findTestData("Data Files/TestData"): null

14-08-2024T15:17:31 - [TEST_STEP][PASSED] - rowCount = data.getRowNumbers(): null

14-08-2024T15:17:31 - [TEST_STEP][PASSED] - random = new java.util.Random(): null

14-08-2024T15:17:31 - [TEST_STEP][PASSED] - randomRowIndex = random.nextInt(rowCount) + 1: null

14-08-2024T15:17:31 - [TEST_STEP][PASSED] - randomHeadValue = data.getValue("Head", randomRowIndex): null

14-08-2024T15:17:31 - [TEST_STEP][PASSED] - println(Randomly selected Head value: $randomHeadValue): null

14-08-2024T15:17:31 - [TEST_STEP][PASSED] - openBrowser(""): Browser is opened with url: ''

14-08-2024T15:17:31 - [MESSAGE][WARNING] - A browser is already opened. Closing browser and opening a new one

14-08-2024T15:17:31 - [MESSAGE][INFO] - Starting 'Chrome' driver

14-08-2024T15:17:31 - [MESSAGE][INFO] - Action delay is set to 0 milliseconds

14-08-2024T15:17:32 - [MESSAGE][PASSED] - Browser is opened with url: ''

14-08-2024T15:17:32 - [TEST_STEP][PASSED] - navigateToUrl("https://robotsparebinindustries.com/#/robot-order"): Navigate to 'https://robotsparebinindustries.com/#/robot-order' successfully

14-08-2024T15:17:35 - [MESSAGE][PASSED] - Navigate to 'https://robotsparebinindustries.com/#/robot-order' successfully

14-08-2024T15:17:35 - [TEST_STEP][PASSED] - maximizeWindow(): Current window maximized

14-08-2024T15:17:35 - [MESSAGE][PASSED] - Current window maximized

14-08-2024T15:17:35 - [TEST_STEP][PASSED] - waitForElementVisible(findTestObject("Object Repository/Page_RobotSpareBin Industries Inc. - Intranet/Modal"), 30): Object 'Object Repository/Page_RobotSpareBin Industries Inc. - Intranet/Modal' is visible

14-08-2024T15:17:36 - [MESSAGE][PASSED] - Object 'Object Repository/Page_RobotSpareBin Industries Inc. - Intranet/Modal' is visible

14-08-2024T15:17:36 - [TEST_STEP][PASSED] - click(findTestObject("Object Repository/Page_RobotSpareBin Industries Inc. - Intranet/button_OK")): Object: 'Object Repository/Page_RobotSpareBin Industries Inc. - Intranet/button_OK' is clicked on

14-08-2024T15:17:36 - [MESSAGE][PASSED] - Object: 'Object Repository/Page_RobotSpareBin Industries Inc. - Intranet/button_OK' is clicked on

14-08-2024T15:17:36 - [TEST_STEP][PASSED] - selectOptionByValue(findTestObject("Page_RobotSpareBin Industries Inc. - Intranet/select"), randomHeadValue, false): All options with value '6' are selected in object 'Object Repository/Page_RobotSpareBin Industries Inc. - Intranet/select' 

14-08-2024T15:17:36 - [MESSAGE][PASSED] - All options with value '6' are selected in object 'Object Repository/Page_RobotSpareBin Industries Inc. - Intranet/select']]></system-out>
         <system-err><![CDATA[]]></system-err>
      </testcase>
      <testcase name="Test Cases/New" time="6.051" classname="Test Cases/New" status="PASSED">
         <system-out><![CDATA[14-08-2024T15:17:36 - [TEST_CASE][PASSED] - Test Cases/New: Test Cases/New

14-08-2024T15:17:36 - [TEST_STEP][PASSED] - data = findTestData("Data Files/TestData"): null

14-08-2024T15:17:36 - [TEST_STEP][PASSED] - rowCount = data.getRowNumbers(): null

14-08-2024T15:17:36 - [TEST_STEP][PASSED] - random = new java.util.Random(): null

14-08-2024T15:17:36 - [TEST_STEP][PASSED] - randomRowIndex = random.nextInt(rowCount) + 1: null

14-08-2024T15:17:36 - [TEST_STEP][PASSED] - randomHeadValue = data.getValue("Head", randomRowIndex): null

14-08-2024T15:17:36 - [TEST_STEP][PASSED] - println(Randomly selected Head value: $randomHeadValue): null

14-08-2024T15:17:36 - [TEST_STEP][PASSED] - openBrowser(""): Browser is opened with url: ''

14-08-2024T15:17:36 - [MESSAGE][WARNING] - A browser is already opened. Closing browser and opening a new one

14-08-2024T15:17:37 - [MESSAGE][INFO] - Starting 'Chrome' driver

14-08-2024T15:17:37 - [MESSAGE][INFO] - Action delay is set to 0 milliseconds

14-08-2024T15:17:38 - [MESSAGE][PASSED] - Browser is opened with url: ''

14-08-2024T15:17:38 - [TEST_STEP][PASSED] - navigateToUrl("https://robotsparebinindustries.com/#/robot-order"): Navigate to 'https://robotsparebinindustries.com/#/robot-order' successfully

14-08-2024T15:17:41 - [MESSAGE][PASSED] - Navigate to 'https://robotsparebinindustries.com/#/robot-order' successfully

14-08-2024T15:17:41 - [TEST_STEP][PASSED] - maximizeWindow(): Current window maximized

14-08-2024T15:17:41 - [MESSAGE][PASSED] - Current window maximized

14-08-2024T15:17:41 - [TEST_STEP][PASSED] - waitForElementVisible(findTestObject("Object Repository/Page_RobotSpareBin Industries Inc. - Intranet/Modal"), 30): Object 'Object Repository/Page_RobotSpareBin Industries Inc. - Intranet/Modal' is visible

14-08-2024T15:17:42 - [MESSAGE][PASSED] - Object 'Object Repository/Page_RobotSpareBin Industries Inc. - Intranet/Modal' is visible

14-08-2024T15:17:42 - [TEST_STEP][PASSED] - click(findTestObject("Object Repository/Page_RobotSpareBin Industries Inc. - Intranet/button_OK")): Object: 'Object Repository/Page_RobotSpareBin Industries Inc. - Intranet/button_OK' is clicked on

14-08-2024T15:17:42 - [MESSAGE][PASSED] - Object: 'Object Repository/Page_RobotSpareBin Industries Inc. - Intranet/button_OK' is clicked on

14-08-2024T15:17:42 - [TEST_STEP][PASSED] - selectOptionByValue(findTestObject("Page_RobotSpareBin Industries Inc. - Intranet/select"), randomHeadValue, false): All options with value '5' are selected in object 'Object Repository/Page_RobotSpareBin Industries Inc. - Intranet/select' 

14-08-2024T15:17:42 - [MESSAGE][PASSED] - All options with value '5' are selected in object 'Object Repository/Page_RobotSpareBin Industries Inc. - Intranet/select']]></system-out>
         <system-err><![CDATA[]]></system-err>
      </testcase>
      <testcase name="Test Cases/New" time="5.838" classname="Test Cases/New" status="PASSED">
         <system-out><![CDATA[14-08-2024T15:17:43 - [TEST_CASE][PASSED] - Test Cases/New: Test Cases/New

14-08-2024T15:17:43 - [TEST_STEP][PASSED] - data = findTestData("Data Files/TestData"): null

14-08-2024T15:17:43 - [TEST_STEP][PASSED] - rowCount = data.getRowNumbers(): null

14-08-2024T15:17:43 - [TEST_STEP][PASSED] - random = new java.util.Random(): null

14-08-2024T15:17:43 - [TEST_STEP][PASSED] - randomRowIndex = random.nextInt(rowCount) + 1: null

14-08-2024T15:17:43 - [TEST_STEP][PASSED] - randomHeadValue = data.getValue("Head", randomRowIndex): null

14-08-2024T15:17:43 - [TEST_STEP][PASSED] - println(Randomly selected Head value: $randomHeadValue): null

14-08-2024T15:17:43 - [TEST_STEP][PASSED] - openBrowser(""): Browser is opened with url: ''

14-08-2024T15:17:43 - [MESSAGE][WARNING] - A browser is already opened. Closing browser and opening a new one

14-08-2024T15:17:43 - [MESSAGE][INFO] - Starting 'Chrome' driver

14-08-2024T15:17:43 - [MESSAGE][INFO] - Action delay is set to 0 milliseconds

14-08-2024T15:17:44 - [MESSAGE][PASSED] - Browser is opened with url: ''

14-08-2024T15:17:44 - [TEST_STEP][PASSED] - navigateToUrl("https://robotsparebinindustries.com/#/robot-order"): Navigate to 'https://robotsparebinindustries.com/#/robot-order' successfully

14-08-2024T15:17:47 - [MESSAGE][PASSED] - Navigate to 'https://robotsparebinindustries.com/#/robot-order' successfully

14-08-2024T15:17:47 - [TEST_STEP][PASSED] - maximizeWindow(): Current window maximized

14-08-2024T15:17:47 - [MESSAGE][PASSED] - Current window maximized

14-08-2024T15:17:47 - [TEST_STEP][PASSED] - waitForElementVisible(findTestObject("Object Repository/Page_RobotSpareBin Industries Inc. - Intranet/Modal"), 30): Object 'Object Repository/Page_RobotSpareBin Industries Inc. - Intranet/Modal' is visible

14-08-2024T15:17:48 - [MESSAGE][PASSED] - Object 'Object Repository/Page_RobotSpareBin Industries Inc. - Intranet/Modal' is visible

14-08-2024T15:17:48 - [TEST_STEP][PASSED] - click(findTestObject("Object Repository/Page_RobotSpareBin Industries Inc. - Intranet/button_OK")): Object: 'Object Repository/Page_RobotSpareBin Industries Inc. - Intranet/button_OK' is clicked on

14-08-2024T15:17:48 - [MESSAGE][PASSED] - Object: 'Object Repository/Page_RobotSpareBin Industries Inc. - Intranet/button_OK' is clicked on

14-08-2024T15:17:48 - [TEST_STEP][PASSED] - selectOptionByValue(findTestObject("Page_RobotSpareBin Industries Inc. - Intranet/select"), randomHeadValue, false): All options with value '2' are selected in object 'Object Repository/Page_RobotSpareBin Industries Inc. - Intranet/select' 

14-08-2024T15:17:48 - [MESSAGE][PASSED] - All options with value '2' are selected in object 'Object Repository/Page_RobotSpareBin Industries Inc. - Intranet/select']]></system-out>
         <system-err><![CDATA[]]></system-err>
      </testcase>
      <testcase name="Test Cases/New" time="5.436" classname="Test Cases/New" status="PASSED">
         <system-out><![CDATA[14-08-2024T15:17:48 - [TEST_CASE][PASSED] - Test Cases/New: Test Cases/New

14-08-2024T15:17:48 - [TEST_STEP][PASSED] - data = findTestData("Data Files/TestData"): null

14-08-2024T15:17:48 - [TEST_STEP][PASSED] - rowCount = data.getRowNumbers(): null

14-08-2024T15:17:48 - [TEST_STEP][PASSED] - random = new java.util.Random(): null

14-08-2024T15:17:48 - [TEST_STEP][PASSED] - randomRowIndex = random.nextInt(rowCount) + 1: null

14-08-2024T15:17:48 - [TEST_STEP][PASSED] - randomHeadValue = data.getValue("Head", randomRowIndex): null

14-08-2024T15:17:48 - [TEST_STEP][PASSED] - println(Randomly selected Head value: $randomHeadValue): null

14-08-2024T15:17:48 - [TEST_STEP][PASSED] - openBrowser(""): Browser is opened with url: ''

14-08-2024T15:17:48 - [MESSAGE][WARNING] - A browser is already opened. Closing browser and opening a new one

14-08-2024T15:17:49 - [MESSAGE][INFO] - Starting 'Chrome' driver

14-08-2024T15:17:49 - [MESSAGE][INFO] - Action delay is set to 0 milliseconds

14-08-2024T15:17:50 - [MESSAGE][PASSED] - Browser is opened with url: ''

14-08-2024T15:17:50 - [TEST_STEP][PASSED] - navigateToUrl("https://robotsparebinindustries.com/#/robot-order"): Navigate to 'https://robotsparebinindustries.com/#/robot-order' successfully

14-08-2024T15:17:53 - [MESSAGE][PASSED] - Navigate to 'https://robotsparebinindustries.com/#/robot-order' successfully

14-08-2024T15:17:53 - [TEST_STEP][PASSED] - maximizeWindow(): Current window maximized

14-08-2024T15:17:53 - [MESSAGE][PASSED] - Current window maximized

14-08-2024T15:17:53 - [TEST_STEP][PASSED] - waitForElementVisible(findTestObject("Object Repository/Page_RobotSpareBin Industries Inc. - Intranet/Modal"), 30): Object 'Object Repository/Page_RobotSpareBin Industries Inc. - Intranet/Modal' is visible

14-08-2024T15:17:53 - [MESSAGE][PASSED] - Object 'Object Repository/Page_RobotSpareBin Industries Inc. - Intranet/Modal' is visible

14-08-2024T15:17:53 - [TEST_STEP][PASSED] - click(findTestObject("Object Repository/Page_RobotSpareBin Industries Inc. - Intranet/button_OK")): Object: 'Object Repository/Page_RobotSpareBin Industries Inc. - Intranet/button_OK' is clicked on

14-08-2024T15:17:53 - [MESSAGE][PASSED] - Object: 'Object Repository/Page_RobotSpareBin Industries Inc. - Intranet/button_OK' is clicked on

14-08-2024T15:17:53 - [TEST_STEP][PASSED] - selectOptionByValue(findTestObject("Page_RobotSpareBin Industries Inc. - Intranet/select"), randomHeadValue, false): All options with value '3' are selected in object 'Object Repository/Page_RobotSpareBin Industries Inc. - Intranet/select' 

14-08-2024T15:17:54 - [MESSAGE][PASSED] - All options with value '3' are selected in object 'Object Repository/Page_RobotSpareBin Industries Inc. - Intranet/select']]></system-out>
         <system-err><![CDATA[]]></system-err>
      </testcase>
      <testcase name="Test Cases/New" time="6.201" classname="Test Cases/New" status="PASSED">
         <system-out><![CDATA[14-08-2024T15:17:54 - [TEST_CASE][PASSED] - Test Cases/New: Test Cases/New

14-08-2024T15:17:54 - [TEST_STEP][PASSED] - data = findTestData("Data Files/TestData"): null

14-08-2024T15:17:54 - [TEST_STEP][PASSED] - rowCount = data.getRowNumbers(): null

14-08-2024T15:17:54 - [TEST_STEP][PASSED] - random = new java.util.Random(): null

14-08-2024T15:17:54 - [TEST_STEP][PASSED] - randomRowIndex = random.nextInt(rowCount) + 1: null

14-08-2024T15:17:54 - [TEST_STEP][PASSED] - randomHeadValue = data.getValue("Head", randomRowIndex): null

14-08-2024T15:17:54 - [TEST_STEP][PASSED] - println(Randomly selected Head value: $randomHeadValue): null

14-08-2024T15:17:54 - [TEST_STEP][PASSED] - openBrowser(""): Browser is opened with url: ''

14-08-2024T15:17:54 - [MESSAGE][WARNING] - A browser is already opened. Closing browser and opening a new one

14-08-2024T15:17:54 - [MESSAGE][INFO] - Starting 'Chrome' driver

14-08-2024T15:17:54 - [MESSAGE][INFO] - Action delay is set to 0 milliseconds

14-08-2024T15:17:55 - [MESSAGE][PASSED] - Browser is opened with url: ''

14-08-2024T15:17:55 - [TEST_STEP][PASSED] - navigateToUrl("https://robotsparebinindustries.com/#/robot-order"): Navigate to 'https://robotsparebinindustries.com/#/robot-order' successfully

14-08-2024T15:17:59 - [MESSAGE][PASSED] - Navigate to 'https://robotsparebinindustries.com/#/robot-order' successfully

14-08-2024T15:17:59 - [TEST_STEP][PASSED] - maximizeWindow(): Current window maximized

14-08-2024T15:17:59 - [MESSAGE][PASSED] - Current window maximized

14-08-2024T15:17:59 - [TEST_STEP][PASSED] - waitForElementVisible(findTestObject("Object Repository/Page_RobotSpareBin Industries Inc. - Intranet/Modal"), 30): Object 'Object Repository/Page_RobotSpareBin Industries Inc. - Intranet/Modal' is visible

14-08-2024T15:17:59 - [MESSAGE][PASSED] - Object 'Object Repository/Page_RobotSpareBin Industries Inc. - Intranet/Modal' is visible

14-08-2024T15:17:59 - [TEST_STEP][PASSED] - click(findTestObject("Object Repository/Page_RobotSpareBin Industries Inc. - Intranet/button_OK")): Object: 'Object Repository/Page_RobotSpareBin Industries Inc. - Intranet/button_OK' is clicked on

14-08-2024T15:17:59 - [MESSAGE][PASSED] - Object: 'Object Repository/Page_RobotSpareBin Industries Inc. - Intranet/button_OK' is clicked on

14-08-2024T15:17:59 - [TEST_STEP][PASSED] - selectOptionByValue(findTestObject("Page_RobotSpareBin Industries Inc. - Intranet/select"), randomHeadValue, false): All options with value '6' are selected in object 'Object Repository/Page_RobotSpareBin Industries Inc. - Intranet/select' 

14-08-2024T15:18:00 - [MESSAGE][PASSED] - All options with value '6' are selected in object 'Object Repository/Page_RobotSpareBin Industries Inc. - Intranet/select']]></system-out>
         <system-err><![CDATA[]]></system-err>
      </testcase>
      <testcase name="Test Cases/New" time="5.539" classname="Test Cases/New" status="PASSED">
         <system-out><![CDATA[14-08-2024T15:18:00 - [TEST_CASE][PASSED] - Test Cases/New: Test Cases/New

14-08-2024T15:18:00 - [TEST_STEP][PASSED] - data = findTestData("Data Files/TestData"): null

14-08-2024T15:18:00 - [TEST_STEP][PASSED] - rowCount = data.getRowNumbers(): null

14-08-2024T15:18:00 - [TEST_STEP][PASSED] - random = new java.util.Random(): null

14-08-2024T15:18:00 - [TEST_STEP][PASSED] - randomRowIndex = random.nextInt(rowCount) + 1: null

14-08-2024T15:18:00 - [TEST_STEP][PASSED] - randomHeadValue = data.getValue("Head", randomRowIndex): null

14-08-2024T15:18:00 - [TEST_STEP][PASSED] - println(Randomly selected Head value: $randomHeadValue): null

14-08-2024T15:18:00 - [TEST_STEP][PASSED] - openBrowser(""): Browser is opened with url: ''

14-08-2024T15:18:00 - [MESSAGE][WARNING] - A browser is already opened. Closing browser and opening a new one

14-08-2024T15:18:00 - [MESSAGE][INFO] - Starting 'Chrome' driver

14-08-2024T15:18:00 - [MESSAGE][INFO] - Action delay is set to 0 milliseconds

14-08-2024T15:18:01 - [MESSAGE][PASSED] - Browser is opened with url: ''

14-08-2024T15:18:01 - [TEST_STEP][PASSED] - navigateToUrl("https://robotsparebinindustries.com/#/robot-order"): Navigate to 'https://robotsparebinindustries.com/#/robot-order' successfully

14-08-2024T15:18:04 - [MESSAGE][PASSED] - Navigate to 'https://robotsparebinindustries.com/#/robot-order' successfully

14-08-2024T15:18:04 - [TEST_STEP][PASSED] - maximizeWindow(): Current window maximized

14-08-2024T15:18:04 - [MESSAGE][PASSED] - Current window maximized

14-08-2024T15:18:04 - [TEST_STEP][PASSED] - waitForElementVisible(findTestObject("Object Repository/Page_RobotSpareBin Industries Inc. - Intranet/Modal"), 30): Object 'Object Repository/Page_RobotSpareBin Industries Inc. - Intranet/Modal' is visible

14-08-2024T15:18:05 - [MESSAGE][PASSED] - Object 'Object Repository/Page_RobotSpareBin Industries Inc. - Intranet/Modal' is visible

14-08-2024T15:18:05 - [TEST_STEP][PASSED] - click(findTestObject("Object Repository/Page_RobotSpareBin Industries Inc. - Intranet/button_OK")): Object: 'Object Repository/Page_RobotSpareBin Industries Inc. - Intranet/button_OK' is clicked on

14-08-2024T15:18:05 - [MESSAGE][PASSED] - Object: 'Object Repository/Page_RobotSpareBin Industries Inc. - Intranet/button_OK' is clicked on

14-08-2024T15:18:05 - [TEST_STEP][PASSED] - selectOptionByValue(findTestObject("Page_RobotSpareBin Industries Inc. - Intranet/select"), randomHeadValue, false): All options with value '3' are selected in object 'Object Repository/Page_RobotSpareBin Industries Inc. - Intranet/select' 

14-08-2024T15:18:06 - [MESSAGE][PASSED] - All options with value '3' are selected in object 'Object Repository/Page_RobotSpareBin Industries Inc. - Intranet/select']]></system-out>
         <system-err><![CDATA[]]></system-err>
      </testcase>
      <testcase name="Test Cases/New" time="5.371" classname="Test Cases/New" status="PASSED">
         <system-out><![CDATA[14-08-2024T15:18:06 - [TEST_CASE][PASSED] - Test Cases/New: Test Cases/New

14-08-2024T15:18:06 - [TEST_STEP][PASSED] - data = findTestData("Data Files/TestData"): null

14-08-2024T15:18:06 - [TEST_STEP][PASSED] - rowCount = data.getRowNumbers(): null

14-08-2024T15:18:06 - [TEST_STEP][PASSED] - random = new java.util.Random(): null

14-08-2024T15:18:06 - [TEST_STEP][PASSED] - randomRowIndex = random.nextInt(rowCount) + 1: null

14-08-2024T15:18:06 - [TEST_STEP][PASSED] - randomHeadValue = data.getValue("Head", randomRowIndex): null

14-08-2024T15:18:06 - [TEST_STEP][PASSED] - println(Randomly selected Head value: $randomHeadValue): null

14-08-2024T15:18:06 - [TEST_STEP][PASSED] - openBrowser(""): Browser is opened with url: ''

14-08-2024T15:18:06 - [MESSAGE][WARNING] - A browser is already opened. Closing browser and opening a new one

14-08-2024T15:18:06 - [MESSAGE][INFO] - Starting 'Chrome' driver

14-08-2024T15:18:06 - [MESSAGE][INFO] - Action delay is set to 0 milliseconds

14-08-2024T15:18:07 - [MESSAGE][PASSED] - Browser is opened with url: ''

14-08-2024T15:18:07 - [TEST_STEP][PASSED] - navigateToUrl("https://robotsparebinindustries.com/#/robot-order"): Navigate to 'https://robotsparebinindustries.com/#/robot-order' successfully

14-08-2024T15:18:10 - [MESSAGE][PASSED] - Navigate to 'https://robotsparebinindustries.com/#/robot-order' successfully

14-08-2024T15:18:10 - [TEST_STEP][PASSED] - maximizeWindow(): Current window maximized

14-08-2024T15:18:10 - [MESSAGE][PASSED] - Current window maximized

14-08-2024T15:18:10 - [TEST_STEP][PASSED] - waitForElementVisible(findTestObject("Object Repository/Page_RobotSpareBin Industries Inc. - Intranet/Modal"), 30): Object 'Object Repository/Page_RobotSpareBin Industries Inc. - Intranet/Modal' is visible

14-08-2024T15:18:10 - [MESSAGE][PASSED] - Object 'Object Repository/Page_RobotSpareBin Industries Inc. - Intranet/Modal' is visible

14-08-2024T15:18:10 - [TEST_STEP][PASSED] - click(findTestObject("Object Repository/Page_RobotSpareBin Industries Inc. - Intranet/button_OK")): Object: 'Object Repository/Page_RobotSpareBin Industries Inc. - Intranet/button_OK' is clicked on

14-08-2024T15:18:10 - [MESSAGE][PASSED] - Object: 'Object Repository/Page_RobotSpareBin Industries Inc. - Intranet/button_OK' is clicked on

14-08-2024T15:18:10 - [TEST_STEP][PASSED] - selectOptionByValue(findTestObject("Page_RobotSpareBin Industries Inc. - Intranet/select"), randomHeadValue, false): All options with value '2' are selected in object 'Object Repository/Page_RobotSpareBin Industries Inc. - Intranet/select' 

14-08-2024T15:18:11 - [MESSAGE][PASSED] - All options with value '2' are selected in object 'Object Repository/Page_RobotSpareBin Industries Inc. - Intranet/select']]></system-out>
         <system-err><![CDATA[]]></system-err>
      </testcase>
      <testcase name="Test Cases/New" time="6.085" classname="Test Cases/New" status="PASSED">
         <system-out><![CDATA[14-08-2024T15:18:11 - [TEST_CASE][PASSED] - Test Cases/New: Test Cases/New

14-08-2024T15:18:11 - [TEST_STEP][PASSED] - data = findTestData("Data Files/TestData"): null

14-08-2024T15:18:11 - [TEST_STEP][PASSED] - rowCount = data.getRowNumbers(): null

14-08-2024T15:18:11 - [TEST_STEP][PASSED] - random = new java.util.Random(): null

14-08-2024T15:18:11 - [TEST_STEP][PASSED] - randomRowIndex = random.nextInt(rowCount) + 1: null

14-08-2024T15:18:11 - [TEST_STEP][PASSED] - randomHeadValue = data.getValue("Head", randomRowIndex): null

14-08-2024T15:18:11 - [TEST_STEP][PASSED] - println(Randomly selected Head value: $randomHeadValue): null

14-08-2024T15:18:11 - [TEST_STEP][PASSED] - openBrowser(""): Browser is opened with url: ''

14-08-2024T15:18:11 - [MESSAGE][WARNING] - A browser is already opened. Closing browser and opening a new one

14-08-2024T15:18:11 - [MESSAGE][INFO] - Starting 'Chrome' driver

14-08-2024T15:18:11 - [MESSAGE][INFO] - Action delay is set to 0 milliseconds

14-08-2024T15:18:12 - [MESSAGE][PASSED] - Browser is opened with url: ''

14-08-2024T15:18:13 - [TEST_STEP][PASSED] - navigateToUrl("https://robotsparebinindustries.com/#/robot-order"): Navigate to 'https://robotsparebinindustries.com/#/robot-order' successfully

14-08-2024T15:18:16 - [MESSAGE][PASSED] - Navigate to 'https://robotsparebinindustries.com/#/robot-order' successfully

14-08-2024T15:18:16 - [TEST_STEP][PASSED] - maximizeWindow(): Current window maximized

14-08-2024T15:18:16 - [MESSAGE][PASSED] - Current window maximized

14-08-2024T15:18:16 - [TEST_STEP][PASSED] - waitForElementVisible(findTestObject("Object Repository/Page_RobotSpareBin Industries Inc. - Intranet/Modal"), 30): Object 'Object Repository/Page_RobotSpareBin Industries Inc. - Intranet/Modal' is visible

14-08-2024T15:18:16 - [MESSAGE][PASSED] - Object 'Object Repository/Page_RobotSpareBin Industries Inc. - Intranet/Modal' is visible

14-08-2024T15:18:16 - [TEST_STEP][PASSED] - click(findTestObject("Object Repository/Page_RobotSpareBin Industries Inc. - Intranet/button_OK")): Object: 'Object Repository/Page_RobotSpareBin Industries Inc. - Intranet/button_OK' is clicked on

14-08-2024T15:18:17 - [MESSAGE][PASSED] - Object: 'Object Repository/Page_RobotSpareBin Industries Inc. - Intranet/button_OK' is clicked on

14-08-2024T15:18:17 - [TEST_STEP][PASSED] - selectOptionByValue(findTestObject("Page_RobotSpareBin Industries Inc. - Intranet/select"), randomHeadValue, false): All options with value '1' are selected in object 'Object Repository/Page_RobotSpareBin Industries Inc. - Intranet/select' 

14-08-2024T15:18:17 - [MESSAGE][PASSED] - All options with value '1' are selected in object 'Object Repository/Page_RobotSpareBin Industries Inc. - Intranet/select']]></system-out>
         <system-err><![CDATA[]]></system-err>
      </testcase>
      <testcase name="Test Cases/New" time="6.102" classname="Test Cases/New" status="PASSED">
         <system-out><![CDATA[14-08-2024T15:18:17 - [TEST_CASE][PASSED] - Test Cases/New: Test Cases/New

14-08-2024T15:18:17 - [TEST_STEP][PASSED] - data = findTestData("Data Files/TestData"): null

14-08-2024T15:18:17 - [TEST_STEP][PASSED] - rowCount = data.getRowNumbers(): null

14-08-2024T15:18:17 - [TEST_STEP][PASSED] - random = new java.util.Random(): null

14-08-2024T15:18:17 - [TEST_STEP][PASSED] - randomRowIndex = random.nextInt(rowCount) + 1: null

14-08-2024T15:18:17 - [TEST_STEP][PASSED] - randomHeadValue = data.getValue("Head", randomRowIndex): null

14-08-2024T15:18:17 - [TEST_STEP][PASSED] - println(Randomly selected Head value: $randomHeadValue): null

14-08-2024T15:18:17 - [TEST_STEP][PASSED] - openBrowser(""): Browser is opened with url: ''

14-08-2024T15:18:17 - [MESSAGE][WARNING] - A browser is already opened. Closing browser and opening a new one

14-08-2024T15:18:17 - [MESSAGE][INFO] - Starting 'Chrome' driver

14-08-2024T15:18:17 - [MESSAGE][INFO] - Action delay is set to 0 milliseconds

14-08-2024T15:18:19 - [MESSAGE][PASSED] - Browser is opened with url: ''

14-08-2024T15:18:19 - [TEST_STEP][PASSED] - navigateToUrl("https://robotsparebinindustries.com/#/robot-order"): Navigate to 'https://robotsparebinindustries.com/#/robot-order' successfully

14-08-2024T15:18:22 - [MESSAGE][PASSED] - Navigate to 'https://robotsparebinindustries.com/#/robot-order' successfully

14-08-2024T15:18:22 - [TEST_STEP][PASSED] - maximizeWindow(): Current window maximized

14-08-2024T15:18:22 - [MESSAGE][PASSED] - Current window maximized

14-08-2024T15:18:22 - [TEST_STEP][PASSED] - waitForElementVisible(findTestObject("Object Repository/Page_RobotSpareBin Industries Inc. - Intranet/Modal"), 30): Object 'Object Repository/Page_RobotSpareBin Industries Inc. - Intranet/Modal' is visible

14-08-2024T15:18:22 - [MESSAGE][PASSED] - Object 'Object Repository/Page_RobotSpareBin Industries Inc. - Intranet/Modal' is visible

14-08-2024T15:18:22 - [TEST_STEP][PASSED] - click(findTestObject("Object Repository/Page_RobotSpareBin Industries Inc. - Intranet/button_OK")): Object: 'Object Repository/Page_RobotSpareBin Industries Inc. - Intranet/button_OK' is clicked on

14-08-2024T15:18:23 - [MESSAGE][PASSED] - Object: 'Object Repository/Page_RobotSpareBin Industries Inc. - Intranet/button_OK' is clicked on

14-08-2024T15:18:23 - [TEST_STEP][PASSED] - selectOptionByValue(findTestObject("Page_RobotSpareBin Industries Inc. - Intranet/select"), randomHeadValue, false): All options with value '2' are selected in object 'Object Repository/Page_RobotSpareBin Industries Inc. - Intranet/select' 

14-08-2024T15:18:23 - [MESSAGE][PASSED] - All options with value '2' are selected in object 'Object Repository/Page_RobotSpareBin Industries Inc. - Intranet/select']]></system-out>
         <system-err><![CDATA[]]></system-err>
      </testcase>
      <testcase name="Test Cases/New" time="5.044" classname="Test Cases/New" status="PASSED">
         <system-out><![CDATA[14-08-2024T15:18:23 - [TEST_CASE][PASSED] - Test Cases/New: Test Cases/New

14-08-2024T15:18:23 - [TEST_STEP][PASSED] - data = findTestData("Data Files/TestData"): null

14-08-2024T15:18:23 - [TEST_STEP][PASSED] - rowCount = data.getRowNumbers(): null

14-08-2024T15:18:23 - [TEST_STEP][PASSED] - random = new java.util.Random(): null

14-08-2024T15:18:23 - [TEST_STEP][PASSED] - randomRowIndex = random.nextInt(rowCount) + 1: null

14-08-2024T15:18:23 - [TEST_STEP][PASSED] - randomHeadValue = data.getValue("Head", randomRowIndex): null

14-08-2024T15:18:23 - [TEST_STEP][PASSED] - println(Randomly selected Head value: $randomHeadValue): null

14-08-2024T15:18:23 - [TEST_STEP][PASSED] - openBrowser(""): Browser is opened with url: ''

14-08-2024T15:18:23 - [MESSAGE][WARNING] - A browser is already opened. Closing browser and opening a new one

14-08-2024T15:18:24 - [MESSAGE][INFO] - Starting 'Chrome' driver

14-08-2024T15:18:24 - [MESSAGE][INFO] - Action delay is set to 0 milliseconds

14-08-2024T15:18:25 - [MESSAGE][PASSED] - Browser is opened with url: ''

14-08-2024T15:18:25 - [TEST_STEP][PASSED] - navigateToUrl("https://robotsparebinindustries.com/#/robot-order"): Navigate to 'https://robotsparebinindustries.com/#/robot-order' successfully

14-08-2024T15:18:27 - [MESSAGE][PASSED] - Navigate to 'https://robotsparebinindustries.com/#/robot-order' successfully

14-08-2024T15:18:27 - [TEST_STEP][PASSED] - maximizeWindow(): Current window maximized

14-08-2024T15:18:27 - [MESSAGE][PASSED] - Current window maximized

14-08-2024T15:18:27 - [TEST_STEP][PASSED] - waitForElementVisible(findTestObject("Object Repository/Page_RobotSpareBin Industries Inc. - Intranet/Modal"), 30): Object 'Object Repository/Page_RobotSpareBin Industries Inc. - Intranet/Modal' is visible

14-08-2024T15:18:27 - [MESSAGE][PASSED] - Object 'Object Repository/Page_RobotSpareBin Industries Inc. - Intranet/Modal' is visible

14-08-2024T15:18:27 - [TEST_STEP][PASSED] - click(findTestObject("Object Repository/Page_RobotSpareBin Industries Inc. - Intranet/button_OK")): Object: 'Object Repository/Page_RobotSpareBin Industries Inc. - Intranet/button_OK' is clicked on

14-08-2024T15:18:28 - [MESSAGE][PASSED] - Object: 'Object Repository/Page_RobotSpareBin Industries Inc. - Intranet/button_OK' is clicked on

14-08-2024T15:18:28 - [TEST_STEP][PASSED] - selectOptionByValue(findTestObject("Page_RobotSpareBin Industries Inc. - Intranet/select"), randomHeadValue, false): All options with value '1' are selected in object 'Object Repository/Page_RobotSpareBin Industries Inc. - Intranet/select' 

14-08-2024T15:18:28 - [MESSAGE][PASSED] - All options with value '1' are selected in object 'Object Repository/Page_RobotSpareBin Industries Inc. - Intranet/select']]></system-out>
         <system-err><![CDATA[]]></system-err>
      </testcase>
      <testcase name="Test Cases/New" time="5.842" classname="Test Cases/New" status="PASSED">
         <system-out><![CDATA[14-08-2024T15:18:28 - [TEST_CASE][PASSED] - Test Cases/New: Test Cases/New

14-08-2024T15:18:28 - [TEST_STEP][PASSED] - data = findTestData("Data Files/TestData"): null

14-08-2024T15:18:28 - [TEST_STEP][PASSED] - rowCount = data.getRowNumbers(): null

14-08-2024T15:18:28 - [TEST_STEP][PASSED] - random = new java.util.Random(): null

14-08-2024T15:18:28 - [TEST_STEP][PASSED] - randomRowIndex = random.nextInt(rowCount) + 1: null

14-08-2024T15:18:28 - [TEST_STEP][PASSED] - randomHeadValue = data.getValue("Head", randomRowIndex): null

14-08-2024T15:18:28 - [TEST_STEP][PASSED] - println(Randomly selected Head value: $randomHeadValue): null

14-08-2024T15:18:28 - [TEST_STEP][PASSED] - openBrowser(""): Browser is opened with url: ''

14-08-2024T15:18:28 - [MESSAGE][WARNING] - A browser is already opened. Closing browser and opening a new one

14-08-2024T15:18:29 - [MESSAGE][INFO] - Starting 'Chrome' driver

14-08-2024T15:18:29 - [MESSAGE][INFO] - Action delay is set to 0 milliseconds

14-08-2024T15:18:30 - [MESSAGE][PASSED] - Browser is opened with url: ''

14-08-2024T15:18:30 - [TEST_STEP][PASSED] - navigateToUrl("https://robotsparebinindustries.com/#/robot-order"): Navigate to 'https://robotsparebinindustries.com/#/robot-order' successfully

14-08-2024T15:18:33 - [MESSAGE][PASSED] - Navigate to 'https://robotsparebinindustries.com/#/robot-order' successfully

14-08-2024T15:18:33 - [TEST_STEP][PASSED] - maximizeWindow(): Current window maximized

14-08-2024T15:18:33 - [MESSAGE][PASSED] - Current window maximized

14-08-2024T15:18:33 - [TEST_STEP][PASSED] - waitForElementVisible(findTestObject("Object Repository/Page_RobotSpareBin Industries Inc. - Intranet/Modal"), 30): Object 'Object Repository/Page_RobotSpareBin Industries Inc. - Intranet/Modal' is visible

14-08-2024T15:18:33 - [MESSAGE][PASSED] - Object 'Object Repository/Page_RobotSpareBin Industries Inc. - Intranet/Modal' is visible

14-08-2024T15:18:33 - [TEST_STEP][PASSED] - click(findTestObject("Object Repository/Page_RobotSpareBin Industries Inc. - Intranet/button_OK")): Object: 'Object Repository/Page_RobotSpareBin Industries Inc. - Intranet/button_OK' is clicked on

14-08-2024T15:18:34 - [MESSAGE][PASSED] - Object: 'Object Repository/Page_RobotSpareBin Industries Inc. - Intranet/button_OK' is clicked on

14-08-2024T15:18:34 - [TEST_STEP][PASSED] - selectOptionByValue(findTestObject("Page_RobotSpareBin Industries Inc. - Intranet/select"), randomHeadValue, false): All options with value '4' are selected in object 'Object Repository/Page_RobotSpareBin Industries Inc. - Intranet/select' 

14-08-2024T15:18:34 - [MESSAGE][PASSED] - All options with value '4' are selected in object 'Object Repository/Page_RobotSpareBin Industries Inc. - Intranet/select']]></system-out>
         <system-err><![CDATA[]]></system-err>
      </testcase>
      <testcase name="Test Cases/New" time="5.529" classname="Test Cases/New" status="PASSED">
         <system-out><![CDATA[14-08-2024T15:18:34 - [TEST_CASE][PASSED] - Test Cases/New: Test Cases/New

14-08-2024T15:18:34 - [TEST_STEP][PASSED] - data = findTestData("Data Files/TestData"): null

14-08-2024T15:18:34 - [TEST_STEP][PASSED] - rowCount = data.getRowNumbers(): null

14-08-2024T15:18:34 - [TEST_STEP][PASSED] - random = new java.util.Random(): null

14-08-2024T15:18:34 - [TEST_STEP][PASSED] - randomRowIndex = random.nextInt(rowCount) + 1: null

14-08-2024T15:18:34 - [TEST_STEP][PASSED] - randomHeadValue = data.getValue("Head", randomRowIndex): null

14-08-2024T15:18:34 - [TEST_STEP][PASSED] - println(Randomly selected Head value: $randomHeadValue): null

14-08-2024T15:18:34 - [TEST_STEP][PASSED] - openBrowser(""): Browser is opened with url: ''

14-08-2024T15:18:34 - [MESSAGE][WARNING] - A browser is already opened. Closing browser and opening a new one

14-08-2024T15:18:34 - [MESSAGE][INFO] - Starting 'Chrome' driver

14-08-2024T15:18:34 - [MESSAGE][INFO] - Action delay is set to 0 milliseconds

14-08-2024T15:18:36 - [MESSAGE][PASSED] - Browser is opened with url: ''

14-08-2024T15:18:36 - [TEST_STEP][PASSED] - navigateToUrl("https://robotsparebinindustries.com/#/robot-order"): Navigate to 'https://robotsparebinindustries.com/#/robot-order' successfully

14-08-2024T15:18:38 - [MESSAGE][PASSED] - Navigate to 'https://robotsparebinindustries.com/#/robot-order' successfully

14-08-2024T15:18:38 - [TEST_STEP][PASSED] - maximizeWindow(): Current window maximized

14-08-2024T15:18:38 - [MESSAGE][PASSED] - Current window maximized

14-08-2024T15:18:38 - [TEST_STEP][PASSED] - waitForElementVisible(findTestObject("Object Repository/Page_RobotSpareBin Industries Inc. - Intranet/Modal"), 30): Object 'Object Repository/Page_RobotSpareBin Industries Inc. - Intranet/Modal' is visible

14-08-2024T15:18:39 - [MESSAGE][PASSED] - Object 'Object Repository/Page_RobotSpareBin Industries Inc. - Intranet/Modal' is visible

14-08-2024T15:18:39 - [TEST_STEP][PASSED] - click(findTestObject("Object Repository/Page_RobotSpareBin Industries Inc. - Intranet/button_OK")): Object: 'Object Repository/Page_RobotSpareBin Industries Inc. - Intranet/button_OK' is clicked on

14-08-2024T15:18:39 - [MESSAGE][PASSED] - Object: 'Object Repository/Page_RobotSpareBin Industries Inc. - Intranet/button_OK' is clicked on

14-08-2024T15:18:39 - [TEST_STEP][PASSED] - selectOptionByValue(findTestObject("Page_RobotSpareBin Industries Inc. - Intranet/select"), randomHeadValue, false): All options with value '6' are selected in object 'Object Repository/Page_RobotSpareBin Industries Inc. - Intranet/select' 

14-08-2024T15:18:40 - [MESSAGE][PASSED] - All options with value '6' are selected in object 'Object Repository/Page_RobotSpareBin Industries Inc. - Intranet/select']]></system-out>
         <system-err><![CDATA[]]></system-err>
      </testcase>
      <testcase name="Test Cases/New" time="5.656" classname="Test Cases/New" status="PASSED">
         <system-out><![CDATA[14-08-2024T15:18:40 - [TEST_CASE][PASSED] - Test Cases/New: Test Cases/New

14-08-2024T15:18:40 - [TEST_STEP][PASSED] - data = findTestData("Data Files/TestData"): null

14-08-2024T15:18:40 - [TEST_STEP][PASSED] - rowCount = data.getRowNumbers(): null

14-08-2024T15:18:40 - [TEST_STEP][PASSED] - random = new java.util.Random(): null

14-08-2024T15:18:40 - [TEST_STEP][PASSED] - randomRowIndex = random.nextInt(rowCount) + 1: null

14-08-2024T15:18:40 - [TEST_STEP][PASSED] - randomHeadValue = data.getValue("Head", randomRowIndex): null

14-08-2024T15:18:40 - [TEST_STEP][PASSED] - println(Randomly selected Head value: $randomHeadValue): null

14-08-2024T15:18:40 - [TEST_STEP][PASSED] - openBrowser(""): Browser is opened with url: ''

14-08-2024T15:18:40 - [MESSAGE][WARNING] - A browser is already opened. Closing browser and opening a new one

14-08-2024T15:18:40 - [MESSAGE][INFO] - Starting 'Chrome' driver

14-08-2024T15:18:40 - [MESSAGE][INFO] - Action delay is set to 0 milliseconds

14-08-2024T15:18:41 - [MESSAGE][PASSED] - Browser is opened with url: ''

14-08-2024T15:18:41 - [TEST_STEP][PASSED] - navigateToUrl("https://robotsparebinindustries.com/#/robot-order"): Navigate to 'https://robotsparebinindustries.com/#/robot-order' successfully

14-08-2024T15:18:44 - [MESSAGE][PASSED] - Navigate to 'https://robotsparebinindustries.com/#/robot-order' successfully

14-08-2024T15:18:44 - [TEST_STEP][PASSED] - maximizeWindow(): Current window maximized

14-08-2024T15:18:44 - [MESSAGE][PASSED] - Current window maximized

14-08-2024T15:18:44 - [TEST_STEP][PASSED] - waitForElementVisible(findTestObject("Object Repository/Page_RobotSpareBin Industries Inc. - Intranet/Modal"), 30): Object 'Object Repository/Page_RobotSpareBin Industries Inc. - Intranet/Modal' is visible

14-08-2024T15:18:45 - [MESSAGE][PASSED] - Object 'Object Repository/Page_RobotSpareBin Industries Inc. - Intranet/Modal' is visible

14-08-2024T15:18:45 - [TEST_STEP][PASSED] - click(findTestObject("Object Repository/Page_RobotSpareBin Industries Inc. - Intranet/button_OK")): Object: 'Object Repository/Page_RobotSpareBin Industries Inc. - Intranet/button_OK' is clicked on

14-08-2024T15:18:45 - [MESSAGE][PASSED] - Object: 'Object Repository/Page_RobotSpareBin Industries Inc. - Intranet/button_OK' is clicked on

14-08-2024T15:18:45 - [TEST_STEP][PASSED] - selectOptionByValue(findTestObject("Page_RobotSpareBin Industries Inc. - Intranet/select"), randomHeadValue, false): All options with value '3' are selected in object 'Object Repository/Page_RobotSpareBin Industries Inc. - Intranet/select' 

14-08-2024T15:18:45 - [MESSAGE][PASSED] - All options with value '3' are selected in object 'Object Repository/Page_RobotSpareBin Industries Inc. - Intranet/select']]></system-out>
         <system-err><![CDATA[]]></system-err>
      </testcase>
      <testcase name="Test Cases/New" time="6.386" classname="Test Cases/New" status="PASSED">
         <system-out><![CDATA[14-08-2024T15:18:45 - [TEST_CASE][PASSED] - Test Cases/New: Test Cases/New

14-08-2024T15:18:45 - [TEST_STEP][PASSED] - data = findTestData("Data Files/TestData"): null

14-08-2024T15:18:45 - [TEST_STEP][PASSED] - rowCount = data.getRowNumbers(): null

14-08-2024T15:18:45 - [TEST_STEP][PASSED] - random = new java.util.Random(): null

14-08-2024T15:18:45 - [TEST_STEP][PASSED] - randomRowIndex = random.nextInt(rowCount) + 1: null

14-08-2024T15:18:45 - [TEST_STEP][PASSED] - randomHeadValue = data.getValue("Head", randomRowIndex): null

14-08-2024T15:18:45 - [TEST_STEP][PASSED] - println(Randomly selected Head value: $randomHeadValue): null

14-08-2024T15:18:45 - [TEST_STEP][PASSED] - openBrowser(""): Browser is opened with url: ''

14-08-2024T15:18:45 - [MESSAGE][WARNING] - A browser is already opened. Closing browser and opening a new one

14-08-2024T15:18:46 - [MESSAGE][INFO] - Starting 'Chrome' driver

14-08-2024T15:18:46 - [MESSAGE][INFO] - Action delay is set to 0 milliseconds

14-08-2024T15:18:47 - [MESSAGE][PASSED] - Browser is opened with url: ''

14-08-2024T15:18:47 - [TEST_STEP][PASSED] - navigateToUrl("https://robotsparebinindustries.com/#/robot-order"): Navigate to 'https://robotsparebinindustries.com/#/robot-order' successfully

14-08-2024T15:18:50 - [MESSAGE][PASSED] - Navigate to 'https://robotsparebinindustries.com/#/robot-order' successfully

14-08-2024T15:18:50 - [TEST_STEP][PASSED] - maximizeWindow(): Current window maximized

14-08-2024T15:18:51 - [MESSAGE][PASSED] - Current window maximized

14-08-2024T15:18:51 - [TEST_STEP][PASSED] - waitForElementVisible(findTestObject("Object Repository/Page_RobotSpareBin Industries Inc. - Intranet/Modal"), 30): Object 'Object Repository/Page_RobotSpareBin Industries Inc. - Intranet/Modal' is visible

14-08-2024T15:18:51 - [MESSAGE][PASSED] - Object 'Object Repository/Page_RobotSpareBin Industries Inc. - Intranet/Modal' is visible

14-08-2024T15:18:51 - [TEST_STEP][PASSED] - click(findTestObject("Object Repository/Page_RobotSpareBin Industries Inc. - Intranet/button_OK")): Object: 'Object Repository/Page_RobotSpareBin Industries Inc. - Intranet/button_OK' is clicked on

14-08-2024T15:18:51 - [MESSAGE][PASSED] - Object: 'Object Repository/Page_RobotSpareBin Industries Inc. - Intranet/button_OK' is clicked on

14-08-2024T15:18:51 - [TEST_STEP][PASSED] - selectOptionByValue(findTestObject("Page_RobotSpareBin Industries Inc. - Intranet/select"), randomHeadValue, false): All options with value '1' are selected in object 'Object Repository/Page_RobotSpareBin Industries Inc. - Intranet/select' 

14-08-2024T15:18:52 - [MESSAGE][PASSED] - All options with value '1' are selected in object 'Object Repository/Page_RobotSpareBin Industries Inc. - Intranet/select']]></system-out>
         <system-err><![CDATA[]]></system-err>
      </testcase>
      <system-out><![CDATA[14-08-2024T15:16:54 - [TEST_SUITE][PASSED] - Test: Test Cases/New]]></system-out>
      <system-err><![CDATA[]]></system-err>
   </testsuite>
</testsuites>
